TEST:swr.cn-east-2.myhuaweicloud.com/yb7/cailianpress-admin-web:7.5.100
PRE:swr.cn-east-2.myhuaweicloud.com/yb7/cailianpress-admin-web:6.4.146
2020-09-11 14:34:16 update cailianpress-admin-web:6.4.146

TEST:swr.cn-east-2.myhuaweicloud.com/yb7/h5quotes:0.0.164
PRE:swr.cn-east-2.myhuaweicloud.com/yb7/h5quotes:0.0.160
2020-09-11 16:37:39 update h5quotes:0.0.164

TEST:swr.cn-east-2.myhuaweicloud.com/yb7/cls-web:1.1.63
PRE:swr.cn-east-2.myhuaweicloud.com/yb7/cls-web:1.1.59
2020-09-25 16:17:39 update cls-web:1.1.63

TEST:swr.cn-east-2.myhuaweicloud.com/yb7/cailianpress-api:2.3.83
PRE:swr.cn-east-2.myhuaweicloud.com/yb7/cailianpress-api:2.3.77
2020-09-27 12:54:47 update cailianpress-api:2.3.83

TEST:swr.cn-east-2.myhuaweicloud.com/yb7/cls-web:1.1.65
PRE:swr.cn-east-2.myhuaweicloud.com/yb7/cls-web:1.1.63
2020-09-28 18:30:41 update cls-web:1.1.65

TEST:swr.cn-east-2.myhuaweicloud.com/yb7/cls-im:1.0.1
PRE:swr.cn-east-2.myhuaweicloud.com/yb7/cls-im:1.0.0
2020-10-20 18:37:52 update cls-im:1.0.1

TEST:swr.cn-east-2.myhuaweicloud.com/yb7/cls-web:1.1.76
PRE:swr.cn-east-2.myhuaweicloud.com/yb7/cls-web:1.1.65
2020-10-29 12:38:10 update cls-web:1.1.76

TEST:swr.cn-east-2.myhuaweicloud.com/yb7/cailianpress-cron:0.6.94
PRE:swr.cn-east-2.myhuaweicloud.com/yb7/cailianpress-cron:0.6.40
2020-10-29 12:44:00 update cailianpress-cron:0.6.94

TEST:swr.cn-east-2.myhuaweicloud.com/yb7/cailianpress-search:2.3.74
PRE:swr.cn-east-2.myhuaweicloud.com/yb7/cailianpress-search:2.3.35
2020-10-29 12:44:15 update cailianpress-search:2.3.74

TEST:swr.cn-east-2.myhuaweicloud.com/yb7/cailianpress-search:2.3.74
PRE:swr.cn-east-2.myhuaweicloud.com/yb7/cailianpress-search:2.3.74
2020-10-29 12:44:56 update cailianpress-search:2.3.71

TEST:swr.cn-east-2.myhuaweicloud.com/yb7/cailianpress-cron:0.6.94
PRE:swr.cn-east-2.myhuaweicloud.com/yb7/cailianpress-cron:0.6.94
2020-10-29 12:45:17 update cailianpress-cron:0.6.92

TEST:swr.cn-east-2.myhuaweicloud.com/yb7/cls-web:1.1.78
PRE:swr.cn-east-2.myhuaweicloud.com/yb7/cls-web:1.1.76
2020-10-29 18:58:18 update cls-web:1.1.78

TEST:swr.cn-east-2.myhuaweicloud.com/yb7/cls-web:1.1.81
PRE:swr.cn-east-2.myhuaweicloud.com/yb7/cls-web:1.1.78
2020-11-05 10:30:19 update cls-web:1.1.81

TEST:swr.cn-east-2.myhuaweicloud.com/yb7/cls-web:1.1.82
PRE:swr.cn-east-2.myhuaweicloud.com/yb7/cls-web:1.1.81
2020-11-05 14:41:05 update cls-web:1.1.82

TEST:swr.cn-east-2.myhuaweicloud.com/yb7/cls-web:1.1.83
PRE:swr.cn-east-2.myhuaweicloud.com/yb7/cls-web:1.1.82
TEST:swr.cn-east-2.myhuaweicloud.com/yb7/cls-web:1.1.83
PRE:swr.cn-east-2.myhuaweicloud.com/yb7/cls-web:1.1.82
2020-11-06 16:57:54 update cls-web:1.1.83

TEST:swr.cn-east-2.myhuaweicloud.com/yb7/cls-web:1.1.84
PRE:swr.cn-east-2.myhuaweicloud.com/yb7/cls-web:1.1.83
2020-11-09 15:15:20 update cls-web:1.1.84

TEST:swr.cn-east-2.myhuaweicloud.com/yb7/cls-web:1.1.85
PRE:swr.cn-east-2.myhuaweicloud.com/yb7/cls-web:1.1.84
2020-11-10 17:13:05 update cls-web:1.1.84
TEST:swr.cn-east-2.myhuaweicloud.com/yb7/cls-web:1.1.85
PRE:swr.cn-east-2.myhuaweicloud.com/yb7/cls-web:1.1.84
2020-11-10 17:13:14 update cls-web:1.1.85

TEST:swr.cn-east-2.myhuaweicloud.com/yb7/cailianpress-api:2.4.64
PRE:swr.cn-east-2.myhuaweicloud.com/yb7/cailianpress-api:2.3.83
2020-11-11 16:02:31 update cailianpress-api:2.4.64

TEST:swr.cn-east-2.myhuaweicloud.com/yb7/cailianpress-api:2.4.66
PRE:swr.cn-east-2.myhuaweicloud.com/yb7/cailianpress-api:2.4.64
2020-11-11 17:04:08 update cailianpress-api:2.4.65

TEST:swr.cn-east-2.myhuaweicloud.com/yb7/cls-es:1.0.106
PRE:swr.cn-east-2.myhuaweicloud.com/yb7/cls-es:1.0.73
2020-11-11 17:04:29 update cls-es:1.0.106

TEST:swr.cn-east-2.myhuaweicloud.com/yb7/core-service:0.6.326
PRE:swr.cn-east-2.myhuaweicloud.com/yb7/core-service:0.6.302
2020-11-11 17:04:46 update core-service:0.6.326

TEST:swr.cn-east-2.myhuaweicloud.com/yb7/cailianpress-cron:0.6.102
PRE:swr.cn-east-2.myhuaweicloud.com/yb7/cailianpress-cron:0.6.92
2020-11-11 17:05:06 update cailianpress-cron:0.6.102

TEST:swr.cn-east-2.myhuaweicloud.com/yb7/cailianpress-search:2.3.83
PRE:swr.cn-east-2.myhuaweicloud.com/yb7/cailianpress-search:2.3.71
2020-11-11 17:05:24 update cailianpress-search:2.3.83

TEST:swr.cn-east-2.myhuaweicloud.com/yb7/cailianpress-featured-api:0.1.27
PRE:swr.cn-east-2.myhuaweicloud.com/yb7/cailianpress-featured-api:0.1.13
2020-11-11 17:05:40 update cailianpress-featured-api:0.1.27

TEST:swr.cn-east-2.myhuaweicloud.com/yb7/cailianpress-openapi:1.3.83
PRE:
TEST:swr.cn-east-2.myhuaweicloud.com/yb7/h5quotes:7.5.513
PRE:swr.cn-east-2.myhuaweicloud.com/yb7/h5quotes:0.0.164
2020-11-11 18:00:56 update h5quotes:7.5.513

TEST:swr.cn-east-2.myhuaweicloud.com/yb7/stib-in-app-views:0.2.169
PRE:swr.cn-east-2.myhuaweicloud.com/yb7/stib-in-app-views:0.2.162
2020-11-11 18:01:17 update stib-in-app-views:0.2.169

TEST:swr.cn-east-2.myhuaweicloud.com/yb7/cls-web:1.1.86
PRE:swr.cn-east-2.myhuaweicloud.com/yb7/cls-web:1.1.85
2020-11-12 19:43:37 update cls-web:1.1.86

TEST:swr.cn-east-2.myhuaweicloud.com/yb7/in-app-views:7.5.510
PRE:swr.cn-east-2.myhuaweicloud.com/yb7/in-app-views:0.1.672
2020-11-13 16:08:36 update in-app-views:7.5.510

TEST:swr.cn-east-2.myhuaweicloud.com/yb7/stib-cailianpress-web:1.4.41
PRE:swr.cn-east-2.myhuaweicloud.com/yb7/stib-cailianpress-web:1.0.523
2020-12-11 14:33:32 update stib-cailianpress-web:1.4.41

TEST:swr.cn-east-2.myhuaweicloud.com/yb7/stib-cailianpress-web:1.4.41
PRE:swr.cn-east-2.myhuaweicloud.com/yb7/stib-cailianpress-web:1.4.41
2020-12-11 15:12:29 update stib-cailianpress-web:1.4.39

TEST:swr.cn-east-2.myhuaweicloud.com/yb7/stib-cailianpress-web:1.4.41
PRE:swr.cn-east-2.myhuaweicloud.com/yb7/stib-cailianpress-web:1.4.39
2020-12-11 15:15:42 update stib-cailianpress-web:1.4.41

TEST:swr.cn-east-2.myhuaweicloud.com/yb7/stib-cailianpress-web:1.4.42
PRE:swr.cn-east-2.myhuaweicloud.com/yb7/stib-cailianpress-web:1.4.41
2020-12-11 15:39:28 update stib-cailianpress-web:1.4.42

TEST:swr.cn-east-2.myhuaweicloud.com/yb7/cls-hw-controller:0.0.13
PRE:swr.cn-east-2.myhuaweicloud.com/yb7/cls-hw-controller:0.0.12
2020-12-11 18:31:31 update cls-hw-controller:0.0.13

TEST:swr.cn-east-2.myhuaweicloud.com/yb7/cls-ios-controller:0.0.14
PRE:swr.cn-east-2.myhuaweicloud.com/yb7/cls-ios-controller:0.0.13
2020-12-11 18:31:59 update cls-ios-controller:0.0.14

TEST:swr.cn-east-2.myhuaweicloud.com/yb7/cls-jg-controller:0.0.11
PRE:swr.cn-east-2.myhuaweicloud.com/yb7/cls-jg-controller:0.0.10
2020-12-11 18:32:30 update cls-jg-controller:0.0.11

TEST:swr.cn-east-2.myhuaweicloud.com/yb7/cls-hw-controller:0.0.13
PRE:swr.cn-east-2.myhuaweicloud.com/yb7/cls-hw-controller:0.0.13
2020-12-11 18:33:06 update cls-hw-controller:0.0.13

TEST:swr.cn-east-2.myhuaweicloud.com/yb7/cls-ios-controller:0.0.14
PRE:swr.cn-east-2.myhuaweicloud.com/yb7/cls-ios-controller:0.0.14
2020-12-11 18:33:24 update cls-ios-controller:0.0.14

TEST:swr.cn-east-2.myhuaweicloud.com/yb7/cailianpress-api:2.5.11
PRE:swr.cn-east-2.myhuaweicloud.com/yb7/cailianpress-api:2.4.65
2020-12-14 15:48:46 update cailianpress-api:2.5.10

TEST:swr.cn-east-2.myhuaweicloud.com/yb7/cailianpress-cron:0.6.137
PRE:swr.cn-east-2.myhuaweicloud.com/yb7/cailianpress-cron:0.6.102
2020-12-14 15:49:04 update cailianpress-cron:0.6.137

TEST:swr.cn-east-2.myhuaweicloud.com/yb7/cailianpress-admin:2.5.116
PRE:swr.cn-east-2.myhuaweicloud.com/yb7/cailianpress-admin:2.4.62
2020-12-14 15:49:22 update cailianpress-admin:2.5.116

TEST:swr.cn-east-2.myhuaweicloud.com/yb7/core-service:0.6.334
PRE:swr.cn-east-2.myhuaweicloud.com/yb7/core-service:0.6.326
2020-12-14 15:49:43 update core-service:0.6.334

TEST:swr.cn-east-2.myhuaweicloud.com/yb7/h5quotes:7.5.606
PRE:swr.cn-east-2.myhuaweicloud.com/yb7/h5quotes:7.5.513
2020-12-14 15:50:08 update h5quotes:7.5.606

TEST:swr.cn-east-2.myhuaweicloud.com/yb7/cailianpress-admin-web:7.5.621
PRE:swr.cn-east-2.myhuaweicloud.com/yb7/cailianpress-admin-web:6.4.146
2020-12-14 15:50:28 update cailianpress-admin-web:7.5.620

TEST:swr.cn-east-2.myhuaweicloud.com/yb7/in-app-views:7.5.637
PRE:swr.cn-east-2.myhuaweicloud.com/yb7/in-app-views:7.5.510
2020-12-14 15:50:48 update in-app-views:7.5.637

TEST:swr.cn-east-2.myhuaweicloud.com/yb7/cailianpress-admin-web:7.5.621
PRE:swr.cn-east-2.myhuaweicloud.com/yb7/cailianpress-admin-web:7.5.620
2020-12-14 15:55:09 update cailianpress-admin-web:7.5.621

TEST:swr.cn-east-2.myhuaweicloud.com/yb7/cailianpress-admin:2.7.0
PRE:swr.cn-east-2.myhuaweicloud.com/yb7/cailianpress-admin:2.5.116
2020-12-14 16:08:40 update cailianpress-admin:2.7.0

TEST:swr.cn-east-2.myhuaweicloud.com/yb7/cailianpress-api:2.5.12
PRE:swr.cn-east-2.myhuaweicloud.com/yb7/cailianpress-api:2.5.10
2020-12-14 16:17:00 update cailianpress-api:2.5.12

TEST:swr.cn-east-2.myhuaweicloud.com/yb7/cailianpress-api:2.5.13
PRE:swr.cn-east-2.myhuaweicloud.com/yb7/cailianpress-api:2.5.12
2020-12-14 16:23:21 update cailianpress-api:2.5.13

TEST:swr.cn-east-2.myhuaweicloud.com/yb7/cailianpress-api:2.5.15
PRE:swr.cn-east-2.myhuaweicloud.com/yb7/cailianpress-api:2.5.13
2020-12-14 16:30:42 update cailianpress-api:2.5.13

TEST:swr.cn-east-2.myhuaweicloud.com/yb7/cailianpress-api:2.5.15
PRE:swr.cn-east-2.myhuaweicloud.com/yb7/cailianpress-api:2.5.13
2020-12-14 16:31:39 update cailianpress-api:2.5.15

TEST:swr.cn-east-2.myhuaweicloud.com/yb7/stib-cailianpress-web:1.4.43
PRE:swr.cn-east-2.myhuaweicloud.com/yb7/stib-cailianpress-web:1.4.42
2020-12-14 17:07:13 update stib-cailianpress-web:1.4.43

TEST:swr.cn-east-2.myhuaweicloud.com/yb7/cailianpress-api:2.5.18
PRE:swr.cn-east-2.myhuaweicloud.com/yb7/cailianpress-api:2.5.15
2020-12-14 18:28:43 update cailianpress-api:2.5.18

TEST:swr.cn-east-2.myhuaweicloud.com/yb7/cailianpress-api:2.5.20
PRE:swr.cn-east-2.myhuaweicloud.com/yb7/cailianpress-api:2.5.18
2020-12-15 11:18:24 update cailianpress-api:2.5.20

TEST:swr.cn-east-2.myhuaweicloud.com/yb7/stib-cailianpress-web:1.4.47
PRE:swr.cn-east-2.myhuaweicloud.com/yb7/stib-cailianpress-web:1.4.43
2020-12-15 17:32:37 update stib-cailianpress-web:1.4.47

TEST:swr.cn-east-2.myhuaweicloud.com/yb7/cailianpress-api:2.5.28
PRE:swr.cn-east-2.myhuaweicloud.com/yb7/cailianpress-api:2.5.20
2020-12-16 10:09:07 update cailianpress-api:2.5.28

TEST:swr.cn-east-2.myhuaweicloud.com/yb7/cls-web:1.1.94
PRE:swr.cn-east-2.myhuaweicloud.com/yb7/cls-web:1.1.86
2020-12-17 17:06:51 update cls-web:1.1.94

TEST:swr.cn-east-2.myhuaweicloud.com/yb7/cls-web:1.1.97
PRE:swr.cn-east-2.myhuaweicloud.com/yb7/cls-web:1.1.94
2020-12-18 17:02:57 update cls-web:1.1.97

TEST:swr.cn-east-2.myhuaweicloud.com/yb7/cls-web:1.1.99
PRE:swr.cn-east-2.myhuaweicloud.com/yb7/cls-web:1.1.97
2020-12-18 18:26:07 update cls-web:1.1.99

TEST:swr.cn-east-2.myhuaweicloud.com/yb7/cailianpress-api:2.5.49
PRE:swr.cn-east-2.myhuaweicloud.com/yb7/cailianpress-api:2.5.28
2020-12-18 19:08:29 update cailianpress-api:2.5.49

TEST:swr.cn-east-2.myhuaweicloud.com/yb7/cailianpress-api:2.5.61
PRE:swr.cn-east-2.myhuaweicloud.com/yb7/cailianpress-api:2.5.49
2020-12-21 15:21:49 update cailianpress-api:2.5.50

TEST:swr.cn-east-2.myhuaweicloud.com/yb7/cailianpress-api:2.5.63
PRE:swr.cn-east-2.myhuaweicloud.com/yb7/cailianpress-api:2.5.50
2020-12-21 15:42:15 update cailianpress-api:2.5.63

TEST:swr.cn-east-2.myhuaweicloud.com/yb7/cls-web:1.1.99
PRE:swr.cn-east-2.myhuaweicloud.com/yb7/cls-web:1.1.99
TEST:swr.cn-east-2.myhuaweicloud.com/yb7/cailianpress-search:2.4.13
PRE:swr.cn-east-2.myhuaweicloud.com/yb7/cailianpress-search:2.3.83
2020-12-22 18:06:51 update cailianpress-search:2.4.11

TEST:swr.cn-east-2.myhuaweicloud.com/yb7/cls-web:1.1.101
PRE:swr.cn-east-2.myhuaweicloud.com/yb7/cls-web:1.1.99
2020-12-25 10:12:29 update cls-web:1.1.101

TEST:swr.cn-east-2.myhuaweicloud.com/yb7/cls-web:1.1.102
PRE:swr.cn-east-2.myhuaweicloud.com/yb7/cls-web:1.1.101
2020-12-25 14:00:22 update cls-web:1.1.102

TEST:swr.cn-east-2.myhuaweicloud.com/yb7/cls-web:1.1.103
PRE:swr.cn-east-2.myhuaweicloud.com/yb7/cls-web:1.1.102
2020-12-25 14:14:11 update cls-web:1.1.103

TEST:swr.cn-east-2.myhuaweicloud.com/yb7/cailianpress-vod:1.2.79
PRE:swr.cn-east-2.myhuaweicloud.com/yb7/cailianpress-vod:1.2.57
2020-12-28 10:40:25 update cailianpress-vod:1.2.79

TEST:swr.cn-east-2.myhuaweicloud.com/yb7/cailianpress-vod:1.2.80
PRE:swr.cn-east-2.myhuaweicloud.com/yb7/cailianpress-vod:1.2.79
2020-12-28 10:52:19 update cailianpress-vod:1.2.80

TEST:swr.cn-east-2.myhuaweicloud.com/yb7/cailianpress-admin:2.7.47
PRE:swr.cn-east-2.myhuaweicloud.com/yb7/cailianpress-admin:2.7.0
2020-12-28 14:59:40 update cailianpress-admin:2.7.47

TEST:swr.cn-east-2.myhuaweicloud.com/yb7/cailianpress-admin:2.7.49
PRE:swr.cn-east-2.myhuaweicloud.com/yb7/cailianpress-admin:2.7.47
2020-12-28 15:07:57 update cailianpress-admin:2.7.49

TEST:swr.cn-east-2.myhuaweicloud.com/yb7/cailianpress-vod:1.2.82
PRE:swr.cn-east-2.myhuaweicloud.com/yb7/cailianpress-vod:1.2.80
2020-12-28 15:31:45 update cailianpress-vod:1.2.83

TEST:swr.cn-east-2.myhuaweicloud.com/yb7/cailianpress-vod:1.2.83
PRE:swr.cn-east-2.myhuaweicloud.com/yb7/cailianpress-vod:1.2.83
TEST:swr.cn-east-2.myhuaweicloud.com/yb7/cailianpress-api:2.5.120
PRE:swr.cn-east-2.myhuaweicloud.com/yb7/cailianpress-api:2.5.63
2020-12-28 15:36:48 update cailianpress-api:2.5.120

TEST:swr.cn-east-2.myhuaweicloud.com/yb7/cailianpress-admin:2.7.70
PRE:swr.cn-east-2.myhuaweicloud.com/yb7/cailianpress-admin:2.7.49
2020-12-29 20:03:15 update cailianpress-admin:2.7.70

TEST:swr.cn-east-2.myhuaweicloud.com/yb7/cailianpress-cron:0.6.173
PRE:swr.cn-east-2.myhuaweicloud.com/yb7/cailianpress-cron:0.6.137
2020-12-29 20:03:23 update cailianpress-cron:0.6.173

TEST:swr.cn-east-2.myhuaweicloud.com/yb7/cailianpress-admin-web:7.5.709
PRE:swr.cn-east-2.myhuaweicloud.com/yb7/cailianpress-admin-web:7.5.621
2020-12-29 20:03:33 update cailianpress-admin-web:7.5.709

TEST:swr.cn-east-2.myhuaweicloud.com/yb7/cailianpress-api:2.5.140
PRE:swr.cn-east-2.myhuaweicloud.com/yb7/cailianpress-api:2.5.120
2020-12-29 20:03:57 update cailianpress-api:2.5.140

TEST:swr.cn-east-2.myhuaweicloud.com/yb7/cailianpress-featured-api:0.1.74
PRE:swr.cn-east-2.myhuaweicloud.com/yb7/cailianpress-featured-api:0.1.27
2020-12-29 20:04:17 update cailianpress-featured-api:0.1.74

TEST:swr.cn-east-2.myhuaweicloud.com/yb7/core-service:0.6.344
PRE:swr.cn-east-2.myhuaweicloud.com/yb7/core-service:0.6.334
2020-12-29 20:04:33 update core-service:0.6.344

TEST:swr.cn-east-2.myhuaweicloud.com/yb7/h5quotes:7.5.703
PRE:swr.cn-east-2.myhuaweicloud.com/yb7/h5quotes:7.5.606
2020-12-29 20:05:03 update h5quotes:7.5.704
TEST:swr.cn-east-2.myhuaweicloud.com/yb7/h5quotes:7.5.703
PRE:swr.cn-east-2.myhuaweicloud.com/yb7/h5quotes:7.5.704
2020-12-29 20:05:15 update h5quotes:7.5.703

TEST:swr.cn-east-2.myhuaweicloud.com/yb7/in-app-views:7.5.719
PRE:swr.cn-east-2.myhuaweicloud.com/yb7/in-app-views:7.5.644
2020-12-29 20:05:25 update in-app-views:7.5.719

TEST:swr.cn-east-2.myhuaweicloud.com/yb7/cailianpress-api:2.5.140
PRE:swr.cn-east-2.myhuaweicloud.com/yb7/cailianpress-api:2.5.140
TEST:swr.cn-east-2.myhuaweicloud.com/yb7/cailianpress-api:2.5.142
PRE:swr.cn-east-2.myhuaweicloud.com/yb7/cailianpress-api:2.5.140
2020-12-29 20:40:59 update cailianpress-api:2.5.142

TEST:swr.cn-east-2.myhuaweicloud.com/yb7/in-app-views:7.5.720
PRE:swr.cn-east-2.myhuaweicloud.com/yb7/in-app-views:7.5.719
2020-12-29 20:48:51 update in-app-views:7.5.720

TEST:swr.cn-east-2.myhuaweicloud.com/yb7/cailianpress-api:2.5.145
PRE:swr.cn-east-2.myhuaweicloud.com/yb7/cailianpress-api:2.5.142
2020-12-29 21:11:22 update cailianpress-api:2.5.145

TEST:swr.cn-east-2.myhuaweicloud.com/yb7/cailianpress-cron:0.6.174
PRE:swr.cn-east-2.myhuaweicloud.com/yb7/cailianpress-cron:0.6.173
2020-12-30 09:20:49 update cailianpress-cron:0.6.174

TEST:swr.cn-east-2.myhuaweicloud.com/yb7/cailianpress-api:2.5.146
PRE:swr.cn-east-2.myhuaweicloud.com/yb7/cailianpress-api:2.5.145
2020-12-30 09:46:42 update cailianpress-api:2.5.146

TEST:swr.cn-east-2.myhuaweicloud.com/yb7/cailianpress-api:2.5.147
PRE:swr.cn-east-2.myhuaweicloud.com/yb7/cailianpress-api:2.5.146
2020-12-30 10:01:54 update cailianpress-api:2.5.147

TEST:swr.cn-east-2.myhuaweicloud.com/yb7/in-app-views:7.5.722
PRE:swr.cn-east-2.myhuaweicloud.com/yb7/in-app-views:7.5.720
2020-12-30 10:10:41 update in-app-views:7.5.722

TEST:swr.cn-east-2.myhuaweicloud.com/yb7/cailianpress-admin:2.7.71
PRE:swr.cn-east-2.myhuaweicloud.com/yb7/cailianpress-admin:2.7.70
2020-12-30 11:38:53 update cailianpress-admin:2.7.71

TEST:swr.cn-east-2.myhuaweicloud.com/yb7/in-app-views:7.5.724
PRE:swr.cn-east-2.myhuaweicloud.com/yb7/in-app-views:7.5.722
2020-12-30 15:26:35 update in-app-views:7.5.724

TEST:swr.cn-east-2.myhuaweicloud.com/yb7/cailianpress-search:2.5.5
PRE:swr.cn-east-2.myhuaweicloud.com/yb7/cailianpress-search:2.5.5
TEST:swr.cn-east-2.myhuaweicloud.com/yb7/cailianpress-featured-api:0.1.75
PRE:swr.cn-east-2.myhuaweicloud.com/yb7/cailianpress-featured-api:0.1.74
2020-12-30 17:49:53 update cailianpress-featured-api:0.1.75

TEST:swr.cn-east-2.myhuaweicloud.com/yb7/cailianpress-admin-web:7.5.712
PRE:swr.cn-east-2.myhuaweicloud.com/yb7/cailianpress-admin-web:7.5.709
2020-12-30 18:37:33 update cailianpress-admin-web:7.5.712

TEST:swr.cn-east-2.myhuaweicloud.com/yb7/cailianpress-admin-web:7.5.713
PRE:swr.cn-east-2.myhuaweicloud.com/yb7/cailianpress-admin-web:7.5.712
2020-12-30 19:00:29 update cailianpress-admin-web:7.5.713

TEST:swr.cn-east-2.myhuaweicloud.com/yb7/cailianpress-featured-api:0.1.78
PRE:swr.cn-east-2.myhuaweicloud.com/yb7/cailianpress-featured-api:0.1.75
2020-12-31 15:06:40 update cailianpress-featured-api:0.1..78
TEST:swr.cn-east-2.myhuaweicloud.com/yb7/cailianpress-featured-api:0.1.78
PRE:swr.cn-east-2.myhuaweicloud.com/yb7/cailianpress-featured-api:0.1..78
2020-12-31 15:06:49 update cailianpress-featured-api:0.1.78

TEST:swr.cn-east-2.myhuaweicloud.com/yb7/cailianpress-api:2.5.150
PRE:swr.cn-east-2.myhuaweicloud.com/yb7/cailianpress-api:2.5.147
2020-12-31 15:07:50 update cailianpress-api:2.5.150

TEST:swr.cn-east-2.myhuaweicloud.com/yb7/in-app-views:7.5.725
PRE:swr.cn-east-2.myhuaweicloud.com/yb7/in-app-views:7.5.724
2020-12-31 15:21:57 update in-app-views:7.5.725

TEST:swr.cn-east-2.myhuaweicloud.com/yb7/cls-es:1.0.111
PRE:swr.cn-east-2.myhuaweicloud.com/yb7/cls-es:1.0.106
2020-12-31 15:39:12 update cls-es:1.0.111

TEST:swr.cn-east-2.myhuaweicloud.com/yb7/cailianpress-vod:1.2.92
PRE:swr.cn-east-2.myhuaweicloud.com/yb7/cailianpress-vod:1.2.89
2020-12-31 16:11:08 update cailianpress-vod:1.2.92

TEST:swr.cn-east-2.myhuaweicloud.com/yb7/cls-order:0.0.10
PRE:swr.cn-east-2.myhuaweicloud.com/yb7/cls-order:0.0.10
TEST:swr.cn-east-2.myhuaweicloud.com/yb7/stib-cailianpress-web:1.4.48
PRE:swr.cn-east-2.myhuaweicloud.com/yb7/stib-cailianpress-web:1.4.47
2020-12-31 16:20:07 update stib-cailianpress-web:1.4.48

TEST:swr.cn-east-2.myhuaweicloud.com/yb7/cls-es:1.0.114
PRE:swr.cn-east-2.myhuaweicloud.com/yb7/cls-es:1.0.111
2020-12-31 17:12:30 update cls-es:1.0.114

TEST:swr.cn-east-2.myhuaweicloud.com/yb7/cailianpress-admin:2.7.81
PRE:swr.cn-east-2.myhuaweicloud.com/yb7/cailianpress-admin:2.7.71
2020-12-31 17:16:02 update cailianpress-admin:2.7.81

